<?xml version="1.0" encoding="UTF-8"?>
<testsuite name="de.phonebook.tests.HomePageTests" tests="1" skipped="0" failures="0" errors="0" timestamp="2026-04-17T08:10:55.506Z" hostname="MacBook-Pro-Artur.local" time="0.015">
  <properties/>
  <testcase name="isHomeComponentPresentTest" classname="de.phonebook.tests.HomePageTests" time="0.01"/>
  <system-out><![CDATA[10:10:55.511 [Test worker] INFO  de.phonebook.core.TestBase -- Start test isHomeComponentPresentTest with data:[]
10:10:55.522 [Test worker] INFO  de.phonebook.core.TestBase -- PASSED: isHomeComponentPresentTest
10:10:55.523 [Test worker] INFO  de.phonebook.core.TestBase -- Stop test
10:10:55.523 [Test worker] INFO  de.phonebook.core.TestBase -- **************************************************
]]></system-out>
  <system-err><![CDATA[]]></system-err>
</testsuite>
